Router#sh interfaces 
Embedded-Service-Engine0/0 is administratively down, line protocol is down 
  Hardware is Embedded Service Engine, address is 0000.0000.0000 (bia 0000.0000.0000)
  MTU 1500 bytes, BW 10000 Kbit/sec, DLY 1000 usec, 
     reliability 255/255, txload 1/255, rxload 1/255
  Encapsulation ARPA, loopback not set
  Keepalive set (10 sec)
  ARP type: ARPA, ARP Timeout 04:00:00
  Last input never, output never, output hang never
  Last clearing of "show interface" counters 25w5d
  Input queue: 0/64/0/0 (size/max/drops/flushes); Total output drops: 0
  Queueing strategy: fifo
  Output queue: 0/40 (size/max)
  5 minute input rate 0 bits/sec, 0 packets/sec
  5 minute output rate 0 bits/sec, 0 packets/sec
     0 packets input, 0 bytes, 0 no buffer
     Received 0 broadcasts (0 IP multicasts)
     0 runts, 0 giants, 0 throttles 
     0 input errors, 0 CRC, 0 frame, 0 overrun, 0 ignored
     0 input packets with dribble condition detected
     0 packets output, 0 bytes, 0 underruns
     0 output errors, 0 collisions, 0 interface resets
     0 unknown protocol drops
     0 babbles, 0 late collision, 0 deferred
     0 lost carrier, 0 no carrier
     0 output buffer failures, 0 output buffers swapped out
GigabitEthernet0/0 is up, line protocol is up 
  Hardware is PQ3_TSEC, address is cc01.44ca.f100 (bia cc01.44ca.f100)
  Description: gi0/1 - policed to 300M
  Internet address is 10.10.48.1/30
  MTU 1500 bytes, BW 1000000 Kbit/sec, DLY 10 usec, 
     reliability 255/255, txload 255/255, rxload 2/255
  Encapsulation ARPA, loopback not set
  Keepalive set (10 sec)
  Full Duplex, 1Gbps, media type is RJ45
  output flow-control is unsupported, input flow-control is unsupported
  ARP type: ARPA, ARP Timeout 04:00:00
  Last input 00:00:00, output 00:00:00, output hang never
  Last clearing of "show interface" counters 25w5d
  Input queue: 0/75/20/0 (size/max/drops/flushes); Total output drops: 4
  Queueing strategy: fifo
  Output queue: 0/40 (size/max)
  30 second input rate 9640000 bits/sec, 4565 packets/sec
  30 second output rate 49497000 bits/sec, 6818 packets/sec
     28602562928 packets input, 9885319651724 bytes, 0 no buffer
     Received 3 broadcasts (0 IP multicasts)
     0 runts, 0 giants, 17 throttles 
     0 input errors, 0 CRC, 0 frame, 0 overrun, 0 ignored
     0 watchdog, 0 multicast, 0 pause input
     29972038122 packets output, 17996257764325 bytes, 0 underruns
     0 output errors, 0 collisions, 2 interface resets
     0 unknown protocol drops
     0 babbles, 0 late collision, 0 deferred
     2 lost carrier, 0 no carrier, 0 pause output
     0 output buffer failures, 0 output buffers swapped out
GigabitEthernet0/1 is up, line protocol is up 
  Hardware is PQ3_TSEC, address is cc01.44ca.f101 (bia cc01.44ca.f101)
  Description: desc RTRAB01 Gi1/5
  Internet address is 10.10.44.14/24
  MTU 1500 bytes, BW 1000000 Kbit/sec, DLY 10 usec, 
     reliability 255/255, txload 255/255, rxload 11/255
  Encapsulation ARPA, loopback not set
  Keepalive set (10 sec)
  Full Duplex, 1Gbps, media type is RJ45
  output flow-control is XON, input flow-control is XON
  ARP type: ARPA, ARP Timeout 04:00:00
  Last input 00:00:00, output 00:00:00, output hang never
  Last clearing of "show interface" counters 25w5d
  Input queue: 0/75/0/0 (size/max/drops/flushes); Total output drops: 0
  Queueing strategy: fifo
  Output queue: 0/40 (size/max)
  5 minute input rate 44757000 bits/sec, 6584 packets/sec
  5 minute output rate 10427000 bits/sec, 4630 packets/sec
     29468368079 packets input, 17264287787184 bytes, 0 no buffer
     Received 18356105 broadcasts (0 IP multicasts)
     0 runts, 0 giants, 0 throttles 
     0 input errors, 0 CRC, 0 frame, 0 overrun, 0 ignored
     0 watchdog, 16327419 multicast, 0 pause input
     28203582597 packets output, 9319647381767 bytes, 0 underruns
     0 output errors, 0 collisions, 0 interface resets
     0 unknown protocol drops
     0 babbles, 0 late collision, 0 deferred
     0 lost carrier, 0 no carrier, 543 pause output
     0 output buffer failures, 0 output buffers swapped out
GigabitEthernet0/2 is administratively down, line protocol is down 
  Hardware is PQ3_TSEC, address is cc01.44ca.f102 (bia cc01.44ca.f102)
  MTU 1500 bytes, BW 1000000 Kbit/sec, DLY 10 usec, 
     reliability 255/255, txload 1/255, rxload 1/255
  Encapsulation ARPA, loopback not set
  Keepalive set (10 sec)
  Auto Duplex, Auto Speed, media type is unknown media type
  output flow-control is unsupported, input flow-control is unsupported
  ARP type: ARPA, ARP Timeout 04:00:00
  Last input never, output never, output hang never
  Last clearing of "show interface" counters 25w5d
  Input queue: 0/75/0/0 (size/max/drops/flushes); Total output drops: 0
  Queueing strategy: fifo
  Output queue: 0/40 (size/max)
  5 minute input rate 0 bits/sec, 0 packets/sec
  5 minute output rate 0 bits/sec, 0 packets/sec
     0 packets input, 0 bytes, 0 no buffer
     Received 0 broadcasts (0 IP multicasts)
     0 runts, 0 giants, 0 throttles 
     0 input errors, 0 CRC, 0 frame, 0 overrun, 0 ignored
     0 watchdog, 0 multicast, 0 pause input
     0 packets output, 0 bytes, 0 underruns
     0 output errors, 0 collisions, 0 interface resets
     0 unknown protocol drops
     0 babbles, 0 late collision, 0 deferred
     0 lost carrier, 0 no carrier, 0 pause output
     0 output buffer failures, 0 output buffers swapped out
Loopback0 is up, line protocol is up 
  Hardware is Loopback
  Description: OSPF
  Internet address is 10.10.201.1/32
  MTU 1514 bytes, BW 8000000 Kbit/sec, DLY 5000 usec, 
     reliability 255/255, txload 1/255, rxload 1/255
  Encapsulation LOOPBACK, loopback not set
  Keepalive set (10 sec)
  Last input 4y16w, output never, output hang never
  Last clearing of "show interface" counters 25w5d
  Input queue: 0/75/0/0 (size/max/drops/flushes); Total output drops: 0
  Queueing strategy: fifo
  Output queue: 0/0 (size/max)
  5 minute input rate 0 bits/sec, 0 packets/sec
  5 minute output rate 0 bits/sec, 0 packets/sec
     0 packets input, 0 bytes, 0 no buffer
     Received 0 broadcasts (0 IP multicasts)
     0 runts, 0 giants, 0 throttles 
     0 input errors, 0 CRC, 0 frame, 0 overrun, 0 ignored, 0 abort
     0 packets output, 0 bytes, 0 underruns
     0 output errors, 0 collisions, 0 interface resets
     0 unknown protocol drops
     0 output buffer failures, 0 output buffers swapped out
Loopback1 is up, line protocol is up 
  Hardware is Loopback
  Description: RS
  Internet address is 10.10.221.1/25
  MTU 1514 bytes, BW 8000000 Kbit/sec, DLY 5000 usec, 
     reliability 255/255, txload 1/255, rxload 1/255
  Encapsulation LOOPBACK, loopback not set
  Keepalive set (10 sec)
  Last input 49w2d, output never, output hang never
  Last clearing of "show interface" counters 25w5d
  Input queue: 0/75/0/0 (size/max/drops/flushes); Total output drops: 0
  Queueing strategy: fifo
  Output queue: 0/0 (size/max)
  5 minute input rate 0 bits/sec, 0 packets/sec
  5 minute output rate 0 bits/sec, 0 packets/sec
     0 packets input, 0 bytes, 0 no buffer
     Received 0 broadcasts (0 IP multicasts)
     0 runts, 0 giants, 0 throttles 
     0 input errors, 0 CRC, 0 frame, 0 overrun, 0 ignored, 0 abort
     0 packets output, 0 bytes, 0 underruns
     0 output errors, 0 collisions, 0 interface resets
     0 unknown protocol drops
     0 output buffer failures, 0 output buffers swapped out
Tunnel1 is up, line protocol is up 
  Hardware is Tunnel
  Description: RSt1
  Internet address is 10.1.1.1/30
  MTU 17916 bytes, BW 10000 Kbit/sec, DLY 500000 usec, 
     reliability 255/255, txload 255/255, rxload 6/255
  Encapsulation TUNNEL, loopback not set
  Keepalive set (5 sec), retries 3
  Tunnel source 192.168.1.1, destination 192.168.1.2
  Tunnel protocol/transport GRE/IP
    Key disabled, sequencing disabled
    Checksumming of packets disabled
  Tunnel TTL 255, Fast tunneling enabled
  Tunnel transport MTU 1476 bytes
  Tunnel transmit bandwidth 8000 (kbps)
  Tunnel receive bandwidth 8000 (kbps)
  Last input 00:00:00, output 00:00:04, output hang never
  Last clearing of "show interface" counters 25w5d
  Input queue: 0/75/0/0 (size/max/drops/flushes); Total output drops: 15093
  Queueing strategy: fifo
  Output queue: 0/0 (size/max)
  5 minute input rate 262000 bits/sec, 185 packets/sec
  5 minute output rate 1322000 bits/sec, 182 packets/sec
     1835478435 packets input, 653641440562 bytes, 0 no buffer
     Received 0 broadcasts (0 IP multicasts)
     0 runts, 0 giants, 0 throttles 
     0 input errors, 0 CRC, 0 frame, 0 overrun, 0 ignored, 0 abort
     1891288005 packets output, 1093310290173 bytes, 0 underruns
     0 output errors, 0 collisions, 0 interface resets
     0 unknown protocol drops
     0 output buffer failures, 0 output buffers swapped out
Tunnel3 is up, line protocol is up 
  Hardware is Tunnel
  Description: RSt3
  Internet address is 10.1.3.1/30
  MTU 17916 bytes, BW 1500 Kbit/sec, DLY 50000 usec, 
     reliability 255/255, txload 255/255, rxload 2/255
  Encapsulation TUNNEL, loopback not set
  Keepalive set (5 sec), retries 5
  Tunnel source 192.168.3.1, destination 192.168.3.2
  Tunnel protocol/transport GRE/IP
    Key disabled, sequencing disabled
    Checksumming of packets disabled
  Tunnel TTL 255, Fast tunneling enabled
  Tunnel transport MTU 1476 bytes
  Tunnel transmit bandwidth 8000 (kbps)
  Tunnel receive bandwidth 8000 (kbps)
  Last input 00:00:01, output 00:00:03, output hang never
  Last clearing of "show interface" counters 25w5d
  Input queue: 0/75/0/0 (size/max/drops/flushes); Total output drops: 26
  Queueing strategy: fifo
  Output queue: 0/0 (size/max)
  5 minute input rate 17000 bits/sec, 14 packets/sec
  5 minute output rate 132000 bits/sec, 19 packets/sec
     344640773 packets input, 54180514682 bytes, 0 no buffer
     Received 0 broadcasts (0 IP multicasts)
     0 runts, 0 giants, 0 throttles 
     0 input errors, 0 CRC, 0 frame, 0 overrun, 0 ignored, 0 abort
     437437390 packets output, 234830082399 bytes, 0 underruns
     0 output errors, 0 collisions, 0 interface resets
     0 unknown protocol drops
     0 output buffer failures, 0 output buffers swapped out
Tunnel4 is up, line protocol is up 
  Hardware is Tunnel
  Description: RSt4
  Internet address is 10.1.4.1/30
  MTU 17916 bytes, BW 1500 Kbit/sec, DLY 500000 usec, 
     reliability 255/255, txload 255/255, rxload 1/255
  Encapsulation TUNNEL, loopback not set
  Keepalive set (5 sec), retries 5
  Tunnel source 192.168.4.1, destination 192.168.4.2
  Tunnel protocol/transport GRE/IP
    Key disabled, sequencing disabled
    Checksumming of packets disabled
  Tunnel TTL 255, Fast tunneling enabled
  Tunnel transport MTU 1476 bytes
  Tunnel transmit bandwidth 8000 (kbps)
  Tunnel receive bandwidth 8000 (kbps)
  Last input 00:00:02, output 00:00:00, output hang never
  Last clearing of "show interface" counters 25w5d
  Input queue: 0/75/0/0 (size/max/drops/flushes); Total output drops: 0
  Queueing strategy: fifo
  Output queue: 0/0 (size/max)
  5 minute input rate 3000 bits/sec, 7 packets/sec
  5 minute output rate 4000 bits/sec, 7 packets/sec
     151851663 packets input, 16317934581 bytes, 0 no buffer
     Received 0 broadcasts (0 IP multicasts)
     0 runts, 0 giants, 0 throttles 
     0 input errors, 0 CRC, 0 frame, 0 overrun, 0 ignored, 0 abort
     160278286 packets output, 35980336487 bytes, 0 underruns
     0 output errors, 0 collisions, 0 interface resets
     0 unknown protocol drops
     0 output buffer failures, 0 output buffers swapped out
Tunnel5 is up, line protocol is up 
  Hardware is Tunnel
  Description: RSt5
  Internet address is 10.1.5.1/30
  MTU 17916 bytes, BW 1500 Kbit/sec, DLY 50000 usec, 
     reliability 255/255, txload 255/255, rxload 1/255
  Encapsulation TUNNEL, loopback not set
  Keepalive set (30 sec), retries 3
  Tunnel source 192.168.5.1, destination 192.168.5.2
  Tunnel protocol/transport GRE/IP
    Key disabled, sequencing disabled
    Checksumming of packets disabled
  Tunnel TTL 255, Fast tunneling enabled
  Tunnel transport MTU 1476 bytes
  Tunnel transmit bandwidth 8000 (kbps)
  Tunnel receive bandwidth 8000 (kbps)
  Last input 00:00:07, output 00:00:00, output hang never
  Last clearing of "show interface" counters 25w5d
  Input queue: 0/75/0/0 (size/max/drops/flushes); Total output drops: 178
  Queueing strategy: fifo
  Output queue: 0/0 (size/max)
  5 minute input rate 7000 bits/sec, 11 packets/sec
  5 minute output rate 9000 bits/sec, 11 packets/sec
     56373869 packets input, 4990504961 bytes, 0 no buffer
     Received 0 broadcasts (0 IP multicasts)
     0 runts, 0 giants, 0 throttles 
     0 input errors, 0 CRC, 0 frame, 0 overrun, 0 ignored, 0 abort
     57660874 packets output, 6330587432 bytes, 0 underruns
     0 output errors, 0 collisions, 0 interface resets
     0 unknown protocol drops
     0 output buffer failures, 0 output buffers swapped out
